生成启动时间为 2018/3/3 9:39:17。
     1>项目“C:\Users\bobby\Documents\cpp\demo04_cos\demo04_cos\demo04_cos.vcxproj”在节点 2 上(build 个目标)。
     1>InitializeBuildStatus:
         正在创建“Debug\demo04_cos.unsuccessfulbuild”，因为已指定“AlwaysCreate”。
       ClCompile:
         所有输出均为最新。
         C:\Program Files (x86)\Microsoft Visual Studio 10.0\VC\bin\CL.exe /c /IE:\oros_svn\var\svn\cs\trunk\dlltoolbox /ZI /nologo /W3 /WX- /Od /Oy- /D WIN32 /D _DEBUG /D _CONSOLE /D _UNICODE /D UNICODE /Gm /EHsc /RTC1 /MDd /GS /fp:precise /Zc:wchar_t /Zc:forScope /Yu"StdAfx.h" /Fp"Debug\demo04_cos.pch" /Fo"Debug\\" /Fd"Debug\vc100.pdb" /Gd /TP /analyze- /errorReport:prompt demo04_cos.cpp
         demo04_cos.cpp
     1>c:\users\bobby\documents\cpp\demo04_cos\demo04_cos\demo04_cos.cpp(16): warning C4244: “=”: 从“double”转换到“int”，可能丢失数据
       ManifestResourceCompile:
         所有输出均为最新。
       Link:
         C:\Program Files (x86)\Microsoft Visual Studio 10.0\VC\bin\link.exe /ERRORREPORT:PROMPT /OUT:"C:\Users\bobby\Documents\cpp\demo04_cos\Debug\demo04_cos.exe" /INCREMENTAL /NOLOGO kernel32.lib user32.lib gdi32.lib winspool.lib comdlg32.lib advapi32.lib shell32.lib ole32.lib oleaut32.lib uuid.lib odbc32.lib odbccp32.lib /MANIFEST /ManifestFile:"Debug\demo04_cos.exe.intermediate.manifest" /MANIFESTUAC:"level='asInvoker' uiAccess='false'" /DEBUG /PDB:"C:\Users\bobby\Documents\cpp\demo04_cos\Debug\demo04_cos.pdb" /SUBSYSTEM:CONSOLE /TLBID:1 /DYNAMICBASE /NXCOMPAT /IMPLIB:"C:\Users\bobby\Documents\cpp\demo04_cos\Debug\demo04_cos.lib" /MACHINE:X86 Debug\demo04_cos.exe.embed.manifest.res
         Debug\demo04_cos.obj
         Debug\stdafx.obj
       Manifest:
         C:\Program Files (x86)\Microsoft SDKs\Windows\v7.0A\bin\mt.exe /nologo /verbose /out:"Debug\demo04_cos.exe.embed.manifest" /manifest Debug\demo04_cos.exe.intermediate.manifest
         所有输出均为最新。
       LinkEmbedManifest:
         所有输出均为最新。
         demo04_cos.vcxproj -> C:\Users\bobby\Documents\cpp\demo04_cos\Debug\demo04_cos.exe
       FinalizeBuildStatus:
         正在删除文件“Debug\demo04_cos.unsuccessfulbuild”。
         正在对“Debug\demo04_cos.lastbuildstate”执行 Touch 任务。
     1>已完成生成项目“C:\Users\bobby\Documents\cpp\demo04_cos\demo04_cos\demo04_cos.vcxproj”(build 个目标)的操作。

生成成功。

已用时间 00:00:00.41
