生成启动时间为 2018/3/3 9:32:45。
     1>项目“C:\Users\bobby\Documents\cpp\demo03\demo03\demo03.vcxproj”在节点 2 上(build 个目标)。
     1>InitializeBuildStatus:
         正在创建“Debug\demo03.unsuccessfulbuild”，因为已指定“AlwaysCreate”。
       ClCompile:
         所有输出均为最新。
         C:\Program Files (x86)\Microsoft Visual Studio 10.0\VC\bin\CL.exe /c /IE:\oros_svn\var\svn\cs\trunk\dlltoolbox /ZI /nologo /W3 /WX- /Od /Oy- /D WIN32 /D _DEBUG /D _CONSOLE /D _UNICODE /D UNICODE /Gm /EHsc /RTC1 /MDd /GS /fp:precise /Zc:wchar_t /Zc:forScope /Yu"StdAfx.h" /Fp"Debug\demo03.pch" /Fo"Debug\\" /Fd"Debug\vc100.pdb" /Gd /TP /analyze- /errorReport:prompt demo03.cpp
         demo03.cpp
       ManifestResourceCompile:
         所有输出均为最新。
       Link:
         C:\Program Files (x86)\Microsoft Visual Studio 10.0\VC\bin\link.exe /ERRORREPORT:PROMPT /OUT:"C:\Users\bobby\Documents\cpp\demo03\Debug\demo03.exe" /INCREMENTAL /NOLOGO kernel32.lib user32.lib gdi32.lib winspool.lib comdlg32.lib advapi32.lib shell32.lib ole32.lib oleaut32.lib uuid.lib odbc32.lib odbccp32.lib /MANIFEST /ManifestFile:"Debug\demo03.exe.intermediate.manifest" /MANIFESTUAC:"level='asInvoker' uiAccess='false'" /DEBUG /PDB:"C:\Users\bobby\Documents\cpp\demo03\Debug\demo03.pdb" /SUBSYSTEM:CONSOLE /TLBID:1 /DYNAMICBASE /NXCOMPAT /IMPLIB:"C:\Users\bobby\Documents\cpp\demo03\Debug\demo03.lib" /MACHINE:X86 Debug\demo03.exe.embed.manifest.res
         Debug\demo03.obj
         Debug\stdafx.obj
       Manifest:
         C:\Program Files (x86)\Microsoft SDKs\Windows\v7.0A\bin\mt.exe /nologo /verbose /out:"Debug\demo03.exe.embed.manifest" /manifest Debug\demo03.exe.intermediate.manifest
         所有输出均为最新。
       LinkEmbedManifest:
         所有输出均为最新。
         demo03.vcxproj -> C:\Users\bobby\Documents\cpp\demo03\Debug\demo03.exe
       FinalizeBuildStatus:
         正在删除文件“Debug\demo03.unsuccessfulbuild”。
         正在对“Debug\demo03.lastbuildstate”执行 Touch 任务。
     1>已完成生成项目“C:\Users\bobby\Documents\cpp\demo03\demo03\demo03.vcxproj”(build 个目标)的操作。

生成成功。

已用时间 00:00:00.44
