生成启动时间为 2018/3/3 13:07:08。
     1>项目“C:\Users\bobby\Documents\cpp\demo06\demo06\demo06.vcxproj”在节点 2 上(build 个目标)。
     1>InitializeBuildStatus:
         正在创建“Debug\demo06.unsuccessfulbuild”，因为已指定“AlwaysCreate”。
       Midl:
         C:\Program Files (x86)\Microsoft SDKs\Windows\v7.0A\bin\midl.exe /D _DEBUG /W1 /nologo /char signed /env win32 /h "demo06_h.h" /tlb "Debug\demo06.tlb" /robust demo06.idl 
         Processing .\demo06.idl
         demo06.idl
         Processing C:\Program Files (x86)\Microsoft SDKs\Windows\v7.0A\include\oaidl.idl
         oaidl.idl
         Processing C:\Program Files (x86)\Microsoft SDKs\Windows\v7.0A\include\objidl.idl
         objidl.idl
         Processing C:\Program Files (x86)\Microsoft SDKs\Windows\v7.0A\include\unknwn.idl
         unknwn.idl
         Processing C:\Program Files (x86)\Microsoft SDKs\Windows\v7.0A\include\wtypes.idl
         wtypes.idl
         Processing C:\Program Files (x86)\Microsoft SDKs\Windows\v7.0A\include\basetsd.h
         basetsd.h
         Processing C:\Program Files (x86)\Microsoft SDKs\Windows\v7.0A\include\guiddef.h
         guiddef.h
         Processing C:\Program Files (x86)\Microsoft SDKs\Windows\v7.0A\include\oaidl.acf
         oaidl.acf
       ClCompile:
         C:\Program Files (x86)\Microsoft Visual Studio 10.0\VC\bin\CL.exe /c /IE:\oros_svn\var\svn\cs\trunk\dlltoolbox /ZI /nologo /W3 /WX- /Od /Oy- /D WIN32 /D _WINDOWS /D _DEBUG /D _UNICODE /D UNICODE /D _AFXDLL /Gm /EHsc /RTC1 /MDd /GS /fp:precise /Zc:wchar_t /Zc:forScope /Yc"StdAfx.h" /Fp"Debug\demo06.pch" /Fo"Debug\\" /Fd"Debug\vc100.pdb" /Gd /TP /analyze- /errorReport:prompt stdafx.cpp
         stdafx.cpp
         C:\Program Files (x86)\Microsoft Visual Studio 10.0\VC\bin\CL.exe /c /IE:\oros_svn\var\svn\cs\trunk\dlltoolbox /ZI /nologo /W3 /WX- /Od /Oy- /D WIN32 /D _WINDOWS /D _DEBUG /D _UNICODE /D UNICODE /D _AFXDLL /Gm /EHsc /RTC1 /MDd /GS /fp:precise /Zc:wchar_t /Zc:forScope /Yu"StdAfx.h" /Fp"Debug\demo06.pch" /Fo"Debug\\" /Fd"Debug\vc100.pdb" /Gd /TP /analyze- /errorReport:prompt demo06.cpp demo06Dlg.cpp DlgProxy.cpp
         DlgProxy.cpp
         demo06Dlg.cpp
     1>c:\users\bobby\documents\cpp\demo06\demo06\demo06dlg.cpp(217): warning C4244: “初始化”: 从“wchar_t”转换到“char”，可能丢失数据
         demo06.cpp
         正在生成代码...
       ResourceCompile:
         C:\Program Files (x86)\Microsoft SDKs\Windows\v7.0A\bin\rc.exe /D _DEBUG /D _UNICODE /D UNICODE /D _AFXDLL /l"0x0804" /IDebug\ /nologo /fo"Debug\demo06.res" demo06.rc 
       ManifestResourceCompile:
         C:\Program Files (x86)\Microsoft SDKs\Windows\v7.0A\bin\rc.exe /nologo /fo"Debug\demo06.exe.embed.manifest.res" Debug\demo06_manifest.rc 
       Link:
         C:\Program Files (x86)\Microsoft Visual Studio 10.0\VC\bin\link.exe /ERRORREPORT:PROMPT /OUT:"C:\Users\bobby\Documents\cpp\demo06\Debug\demo06.exe" /INCREMENTAL /NOLOGO /MANIFEST /ManifestFile:"Debug\demo06.exe.intermediate.manifest" /MANIFESTUAC:"level='asInvoker' uiAccess='false'" /DEBUG /PDB:"C:\Users\bobby\Documents\cpp\demo06\Debug\demo06.pdb" /SUBSYSTEM:WINDOWS /TLBID:1 /ENTRY:"wWinMainCRTStartup" /DYNAMICBASE /NXCOMPAT /IMPLIB:"C:\Users\bobby\Documents\cpp\demo06\Debug\demo06.lib" /MACHINE:X86 Debug\demo06.res
         Debug\demo06.exe.embed.manifest.res
         Debug\demo06.obj
         Debug\demo06Dlg.obj
         Debug\DlgProxy.obj
         Debug\stdafx.obj
       Manifest:
         C:\Program Files (x86)\Microsoft SDKs\Windows\v7.0A\bin\mt.exe /nologo /verbose /out:"Debug\demo06.exe.embed.manifest" /manifest Debug\demo06.exe.intermediate.manifest "C:\Program Files (x86)\Microsoft Visual Studio 10.0\VC\Include\Manifest\dpiaware.manifest"
         C:\Program Files (x86)\Microsoft SDKs\Windows\v7.0A\bin\rc.exe /nologo /fo"Debug\demo06.exe.embed.manifest.res" Debug\demo06_manifest.rc 
       LinkEmbedManifest:
         C:\Program Files (x86)\Microsoft Visual Studio 10.0\VC\bin\link.exe /ERRORREPORT:PROMPT /OUT:"C:\Users\bobby\Documents\cpp\demo06\Debug\demo06.exe" /INCREMENTAL /NOLOGO /MANIFEST /ManifestFile:"Debug\demo06.exe.intermediate.manifest" /MANIFESTUAC:"level='asInvoker' uiAccess='false'" /DEBUG /PDB:"C:\Users\bobby\Documents\cpp\demo06\Debug\demo06.pdb" /SUBSYSTEM:WINDOWS /TLBID:1 /ENTRY:"wWinMainCRTStartup" /DYNAMICBASE /NXCOMPAT /IMPLIB:"C:\Users\bobby\Documents\cpp\demo06\Debug\demo06.lib" /MACHINE:X86 Debug\demo06.res
         Debug\demo06.exe.embed.manifest.res
         Debug\demo06.obj
         Debug\demo06Dlg.obj
         Debug\DlgProxy.obj
         Debug\stdafx.obj
         demo06.vcxproj -> C:\Users\bobby\Documents\cpp\demo06\Debug\demo06.exe
       RegisterOutput:
         "C:\Users\bobby\Documents\cpp\demo06\Debug\demo06.exe" /RegServer
       FinalizeBuildStatus:
         正在删除文件“Debug\demo06.unsuccessfulbuild”。
         正在对“Debug\demo06.lastbuildstate”执行 Touch 任务。
     1>已完成生成项目“C:\Users\bobby\Documents\cpp\demo06\demo06\demo06.vcxproj”(build 个目标)的操作。

生成成功。

已用时间 00:00:07.45
