C:\USERS\BOBBY\DOCUMENTS\CPP\DEMO06\DEBUG\DEMO06.EXE
C:\USERS\BOBBY\DOCUMENTS\CPP\DEMO06\DEBUG\DEMO06.ILK
C:\USERS\BOBBY\DOCUMENTS\CPP\DEMO06\DEBUG\DEMO06.PDB
C:\Users\bobby\Documents\cpp\demo06\demo06\Debug\cl.command.1.tlog
C:\Users\bobby\Documents\cpp\demo06\demo06\Debug\CL.read.1.tlog
C:\Users\bobby\Documents\cpp\demo06\demo06\Debug\CL.write.1.tlog
C:\USERS\BOBBY\DOCUMENTS\CPP\DEMO06\DEMO06\DEBUG\DEMO06.EXE.EMBED.MANIFEST
C:\USERS\BOBBY\DOCUMENTS\CPP\DEMO06\DEMO06\DEBUG\DEMO06.EXE.EMBED.MANIFEST.RES
C:\USERS\BOBBY\DOCUMENTS\CPP\DEMO06\DEMO06\DEBUG\DEMO06.EXE.INTERMEDIATE.MANIFEST
C:\USERS\BOBBY\DOCUMENTS\CPP\DEMO06\DEMO06\DEBUG\DEMO06.OBJ
C:\USERS\BOBBY\DOCUMENTS\CPP\DEMO06\DEMO06\DEBUG\DEMO06.PCH
C:\USERS\BOBBY\DOCUMENTS\CPP\DEMO06\DEMO06\DEBUG\DEMO06.RES
C:\USERS\BOBBY\DOCUMENTS\CPP\DEMO06\DEMO06\DEBUG\DEMO06.TLB
C:\Users\bobby\Documents\cpp\demo06\demo06\Debug\demo06.vcxprojResolveAssemblyReference.cache
C:\Users\bobby\Documents\cpp\demo06\demo06\Debug\demo06.write.1.tlog
C:\Users\bobby\Documents\cpp\demo06\demo06\Debug\demo06_manifest.rc
C:\USERS\BOBBY\DOCUMENTS\CPP\DEMO06\DEMO06\DEBUG\DEMO06DLG.OBJ
C:\USERS\BOBBY\DOCUMENTS\CPP\DEMO06\DEMO06\DEBUG\DLGPROXY.OBJ
C:\Users\bobby\Documents\cpp\demo06\demo06\Debug\link.command.1.tlog
C:\Users\bobby\Documents\cpp\demo06\demo06\Debug\link.read.1.tlog
C:\Users\bobby\Documents\cpp\demo06\demo06\Debug\link.write.1.tlog
C:\Users\bobby\Documents\cpp\demo06\demo06\Debug\link-cvtres.read.1.tlog
C:\Users\bobby\Documents\cpp\demo06\demo06\Debug\link-cvtres.write.1.tlog
C:\Users\bobby\Documents\cpp\demo06\demo06\Debug\midl.command.1.tlog
C:\Users\bobby\Documents\cpp\demo06\demo06\Debug\midl.read.1.tlog
C:\Users\bobby\Documents\cpp\demo06\demo06\Debug\midl.write.1.tlog
C:\Users\bobby\Documents\cpp\demo06\demo06\Debug\midl-midlc.read.1.tlog
C:\Users\bobby\Documents\cpp\demo06\demo06\Debug\midl-midlc.write.1.tlog
C:\Users\bobby\Documents\cpp\demo06\demo06\Debug\midl-midlc-cl.read.1.tlog
C:\Users\bobby\Documents\cpp\demo06\demo06\Debug\mt.command.1.tlog
C:\Users\bobby\Documents\cpp\demo06\demo06\Debug\mt.read.1.tlog
C:\Users\bobby\Documents\cpp\demo06\demo06\Debug\mt.write.1.tlog
C:\Users\bobby\Documents\cpp\demo06\demo06\Debug\rc.command.1.tlog
C:\Users\bobby\Documents\cpp\demo06\demo06\Debug\rc.read.1.tlog
C:\Users\bobby\Documents\cpp\demo06\demo06\Debug\rc.write.1.tlog
C:\USERS\BOBBY\DOCUMENTS\CPP\DEMO06\DEMO06\DEBUG\STDAFX.OBJ
C:\Users\bobby\Documents\cpp\demo06\demo06\Debug\vc100.idb
C:\USERS\BOBBY\DOCUMENTS\CPP\DEMO06\DEMO06\DEBUG\VC100.PDB
C:\USERS\BOBBY\DOCUMENTS\CPP\DEMO06\DEMO06\DEMO06_H.H
C:\USERS\BOBBY\DOCUMENTS\CPP\DEMO06\DEMO06\DEMO06_I.C
