生成启动时间为 2018/3/3 9:24:16。
     1>项目“C:\Users\bobby\Documents\cpp\demo02\demo02\demo02.vcxproj”在节点 2 上(build 个目标)。
     1>PrepareForBuild:
         正在创建目录“C:\Users\bobby\Documents\cpp\demo02\Debug\”。
       InitializeBuildStatus:
         正在创建“Debug\demo02.unsuccessfulbuild”，因为已指定“AlwaysCreate”。
       ClCompile:
         C:\Program Files (x86)\Microsoft Visual Studio 10.0\VC\bin\CL.exe /c /IE:\oros_svn\var\svn\cs\trunk\dlltoolbox /ZI /nologo /W3 /WX- /Od /Oy- /D WIN32 /D _DEBUG /D _CONSOLE /D _UNICODE /D UNICODE /Gm /EHsc /RTC1 /MDd /GS /fp:precise /Zc:wchar_t /Zc:forScope /Yc"StdAfx.h" /Fp"Debug\demo02.pch" /Fo"Debug\\" /Fd"Debug\vc100.pdb" /Gd /TP /analyze- /errorReport:prompt stdafx.cpp
         stdafx.cpp
         C:\Program Files (x86)\Microsoft Visual Studio 10.0\VC\bin\CL.exe /c /IE:\oros_svn\var\svn\cs\trunk\dlltoolbox /ZI /nologo /W3 /WX- /Od /Oy- /D WIN32 /D _DEBUG /D _CONSOLE /D _UNICODE /D UNICODE /Gm /EHsc /RTC1 /MDd /GS /fp:precise /Zc:wchar_t /Zc:forScope /Yu"StdAfx.h" /Fp"Debug\demo02.pch" /Fo"Debug\\" /Fd"Debug\vc100.pdb" /Gd /TP /analyze- /errorReport:prompt demo02.cpp
         demo02.cpp
       ManifestResourceCompile:
         C:\Program Files (x86)\Microsoft SDKs\Windows\v7.0A\bin\rc.exe /nologo /fo"Debug\demo02.exe.embed.manifest.res" Debug\demo02_manifest.rc 
       Link:
         C:\Program Files (x86)\Microsoft Visual Studio 10.0\VC\bin\link.exe /ERRORREPORT:PROMPT /OUT:"C:\Users\bobby\Documents\cpp\demo02\Debug\demo02.exe" /INCREMENTAL /NOLOGO kernel32.lib user32.lib gdi32.lib winspool.lib comdlg32.lib advapi32.lib shell32.lib ole32.lib oleaut32.lib uuid.lib odbc32.lib odbccp32.lib /MANIFEST /ManifestFile:"Debug\demo02.exe.intermediate.manifest" /MANIFESTUAC:"level='asInvoker' uiAccess='false'" /DEBUG /PDB:"C:\Users\bobby\Documents\cpp\demo02\Debug\demo02.pdb" /SUBSYSTEM:CONSOLE /TLBID:1 /DYNAMICBASE /NXCOMPAT /IMPLIB:"C:\Users\bobby\Documents\cpp\demo02\Debug\demo02.lib" /MACHINE:X86 Debug\demo02.exe.embed.manifest.res
         Debug\demo02.obj
         Debug\stdafx.obj
       Manifest:
         C:\Program Files (x86)\Microsoft SDKs\Windows\v7.0A\bin\mt.exe /nologo /verbose /out:"Debug\demo02.exe.embed.manifest" /manifest Debug\demo02.exe.intermediate.manifest
         C:\Program Files (x86)\Microsoft SDKs\Windows\v7.0A\bin\rc.exe /nologo /fo"Debug\demo02.exe.embed.manifest.res" Debug\demo02_manifest.rc 
       LinkEmbedManifest:
         C:\Program Files (x86)\Microsoft Visual Studio 10.0\VC\bin\link.exe /ERRORREPORT:PROMPT /OUT:"C:\Users\bobby\Documents\cpp\demo02\Debug\demo02.exe" /INCREMENTAL /NOLOGO kernel32.lib user32.lib gdi32.lib winspool.lib comdlg32.lib advapi32.lib shell32.lib ole32.lib oleaut32.lib uuid.lib odbc32.lib odbccp32.lib /MANIFEST /ManifestFile:"Debug\demo02.exe.intermediate.manifest" /MANIFESTUAC:"level='asInvoker' uiAccess='false'" /DEBUG /PDB:"C:\Users\bobby\Documents\cpp\demo02\Debug\demo02.pdb" /SUBSYSTEM:CONSOLE /TLBID:1 /DYNAMICBASE /NXCOMPAT /IMPLIB:"C:\Users\bobby\Documents\cpp\demo02\Debug\demo02.lib" /MACHINE:X86 Debug\demo02.exe.embed.manifest.res
         Debug\demo02.obj
         Debug\stdafx.obj
         demo02.vcxproj -> C:\Users\bobby\Documents\cpp\demo02\Debug\demo02.exe
       FinalizeBuildStatus:
         正在删除文件“Debug\demo02.unsuccessfulbuild”。
         正在对“Debug\demo02.lastbuildstate”执行 Touch 任务。
     1>已完成生成项目“C:\Users\bobby\Documents\cpp\demo02\demo02\demo02.vcxproj”(build 个目标)的操作。

生成成功。

已用时间 00:00:00.86
